  [1m[35m (169.6ms)[0m  [1m[35mCREATE DATABASE "cats99_development" ENCODING = 'unicode'[0m
  ↳ bin/rails:9
  [1m[35m (94.8ms)[0m  [1m[35mCREATE DATABASE "cats99_test" ENCODING = 'unicode'[0m
  ↳ bin/rails:9
  [1m[35m (32.3ms)[0m  [1m[35mCREATE TABLE "schema_migrations" ("version" character varying NOT NULL PRIMARY KEY)[0m
  ↳ bin/rails:9
  [1m[35m (6.2ms)[0m  [1m[35mCREATE TABLE "ar_internal_metadata" ("key" character varying NOT NULL PRIMARY KEY, "value" character varying, "created_at" timestamp NOT NULL, "updated_at" timestamp NOT NULL)[0m
  ↳ bin/rails:9
  [1m[35m (0.9ms)[0m  [1m[34mSELECT pg_try_advisory_lock(7809834472913233005)[0m
  ↳ bin/rails:9
  [1m[35m (0.7ms)[0m  [1m[34mSELECT "schema_migrations"."version" FROM "schema_migrations" ORDER BY "schema_migrations"."version" ASC[0m
  ↳ bin/rails:9
Migrating to CreateCats (20200904191236)
  [1m[35m (3.7ms)[0m  [1m[35mBEGIN[0m
  ↳ bin/rails:9
  [1m[35m (14.0ms)[0m  [1m[35mCREATE TABLE "cats" ("id" bigserial primary key, "birth_date" date NOT NULL, "color" character varying NOT NULL, "name" character varying NOT NULL, "sex" character varying(1) NOT NULL, "description" text NOT NULL, "created_at" timestamp NOT NULL, "updated_at" timestamp NOT NULL)[0m
  ↳ db/migrate/20200904191236_create_cats.rb:3
  [1m[35m (1.4ms)[0m  [1m[35mCREATE  INDEX  "index_cats_on_name" ON "cats"  ("name")[0m
  ↳ db/migrate/20200904191236_create_cats.rb:12
  [1m[36mActiveRecord::SchemaMigration Create (5.9ms)[0m  [1m[32mINSERT INTO "schema_migrations" ("version") VALUES ($1) RETURNING "version"[0m  [["version", "20200904191236"]]
  ↳ bin/rails:9
  [1m[35m (0.4ms)[0m  [1m[35mCOMMIT[0m
  ↳ bin/rails:9
  [1m[36mActiveRecord::InternalMetadata Load (2.0ms)[0m  [1m[34mSELECT  "ar_internal_metadata".* FROM "ar_internal_metadata" WHERE "ar_internal_metadata"."key" = $1 LIMIT $2[0m  [["key", "environment"], ["LIMIT", 1]]
  ↳ bin/rails:9
  [1m[35m (0.1ms)[0m  [1m[35mBEGIN[0m
  ↳ bin/rails:9
  [1m[36mActiveRecord::InternalMetadata Create (0.9ms)[0m  [1m[32mINSERT INTO "ar_internal_metadata" ("key", "value", "created_at", "updated_at") VALUES ($1, $2, $3, $4) RETURNING "key"[0m  [["key", "environment"], ["value", "development"], ["created_at", "2020-09-04 19:14:51.807989"], ["updated_at", "2020-09-04 19:14:51.807989"]]
  ↳ bin/rails:9
  [1m[35m (0.2ms)[0m  [1m[35mCOMMIT[0m
  ↳ bin/rails:9
  [1m[35m (0.3ms)[0m  [1m[34mSELECT pg_advisory_unlock(7809834472913233005)[0m
  ↳ bin/rails:9
  [1m[35m (0.7ms)[0m  [1m[34mSELECT "schema_migrations"."version" FROM "schema_migrations" ORDER BY "schema_migrations"."version" ASC[0m
  ↳ bin/rails:9
  [1m[35m (1.3ms)[0m  [1m[34mSELECT "schema_migrations"."version" FROM "schema_migrations" ORDER BY "schema_migrations"."version" ASC[0m
  ↳ bin/rails:9
  [1m[35m (0.2ms)[0m  [1m[35mBEGIN[0m
  ↳ db/seeds.rb:10
  [1m[36mCat Create (8.1ms)[0m  [1m[32mINSERT INTO "cats" ("birth_date", "color", "name", "sex", "description", "created_at", "updated_at") VALUES ($1, $2, $3, $4, $5, $6, $7) RETURNING "id"[0m  [["birth_date", "2015-04-11"], ["color", "naranja"], ["name", "Boba"], ["sex", "F"], ["description", "Bubbly"], ["created_at", "2020-09-04 21:23:03.845270"], ["updated_at", "2020-09-04 21:23:03.845270"]]
  ↳ db/seeds.rb:10
  [1m[35m (0.3ms)[0m  [1m[35mCOMMIT[0m
  ↳ db/seeds.rb:10
  [1m[35m (0.1ms)[0m  [1m[35mBEGIN[0m
  ↳ db/seeds.rb:11
  [1m[36mCat Create (0.4ms)[0m  [1m[32mINSERT INTO "cats" ("birth_date", "color", "name", "sex", "description", "created_at", "updated_at") VALUES ($1, $2, $3, $4, $5, $6, $7) RETURNING "id"[0m  [["birth_date", "2017-07-13"], ["color", "azul"], ["name", "Mochi"], ["sex", "M"], ["description", "Chewy"], ["created_at", "2020-09-04 21:23:03.856204"], ["updated_at", "2020-09-04 21:23:03.856204"]]
  ↳ db/seeds.rb:11
  [1m[35m (0.2ms)[0m  [1m[35mCOMMIT[0m
  ↳ db/seeds.rb:11
  [1m[35m (0.1ms)[0m  [1m[35mBEGIN[0m
  ↳ db/seeds.rb:12
  [1m[36mCat Create (0.3ms)[0m  [1m[32mINSERT INTO "cats" ("birth_date", "color", "name", "sex", "description", "created_at", "updated_at") VALUES ($1, $2, $3, $4, $5, $6, $7) RETURNING "id"[0m  [["birth_date", "2020-04-11"], ["color", "dorado"], ["name", "Sashimi"], ["sex", "F"], ["description", "Lil Kitten"], ["created_at", "2020-09-04 21:23:03.858420"], ["updated_at", "2020-09-04 21:23:03.858420"]]
  ↳ db/seeds.rb:12
  [1m[35m (0.3ms)[0m  [1m[35mCOMMIT[0m
  ↳ db/seeds.rb:12
  [1m[36mCat Load (1.7ms)[0m  [1m[34mSELECT "cats".* FROM "cats"[0m
  [1m[36mCat Load (0.4ms)[0m  [1m[34mSELECT  "cats".* FROM "cats" ORDER BY "cats"."id" ASC LIMIT $1[0m  [["LIMIT", 1]]
Started GET "/" for 127.0.0.1 at 2020-09-04 14:24:29 -0700
  [1m[35m (1.0ms)[0m  [1m[34mSELECT "schema_migrations"."version" FROM "schema_migrations" ORDER BY "schema_migrations"."version" ASC[0m
  ↳ /Users/jackyli/.rbenv/versions/2.5.1/lib/ruby/gems/2.5.0/gems/activerecord-5.2.4.3/lib/active_record/log_subscriber.rb:98
Processing by Rails::WelcomeController#index as HTML
  Rendering /Users/jackyli/.rbenv/versions/2.5.1/lib/ruby/gems/2.5.0/gems/railties-5.2.4.3/lib/rails/templates/rails/welcome/index.html.erb
  Rendered /Users/jackyli/.rbenv/versions/2.5.1/lib/ruby/gems/2.5.0/gems/railties-5.2.4.3/lib/rails/templates/rails/welcome/index.html.erb (4.6ms)
Completed 200 OK in 22ms (Views: 13.2ms | ActiveRecord: 0.0ms)


Started GET "/cats" for 127.0.0.1 at 2020-09-04 14:24:33 -0700

ActionController::RoutingError - undefined method `default_protect_from_forgery=' for nil:NilClass:

Started POST "/__better_errors/3009314f68f923ff/variables" for 127.0.0.1 at 2020-09-04 14:24:33 -0700
Started GET "/cat" for 127.0.0.1 at 2020-09-04 14:24:49 -0700
  
ActionController::RoutingError (No route matches [GET] "/cat"):
  
actionpack (5.2.4.3) lib/action_dispatch/middleware/debug_exceptions.rb:65:in `call'
web-console (3.7.0) lib/web_console/middleware.rb:135:in `call_app'
web-console (3.7.0) lib/web_console/middleware.rb:30:in `block in call'
web-console (3.7.0) lib/web_console/middleware.rb:20:in `catch'
web-console (3.7.0) lib/web_console/middleware.rb:20:in `call'
actionpack (5.2.4.3) lib/action_dispatch/middleware/show_exceptions.rb:33:in `call'
railties (5.2.4.3) lib/rails/rack/logger.rb:38:in `call_app'
railties (5.2.4.3) lib/rails/rack/logger.rb:26:in `block in call'
activesupport (5.2.4.3) lib/active_support/tagged_logging.rb:71:in `block in tagged'
activesupport (5.2.4.3) lib/active_support/tagged_logging.rb:28:in `tagged'
activesupport (5.2.4.3) lib/active_support/tagged_logging.rb:71:in `tagged'
railties (5.2.4.3) lib/rails/rack/logger.rb:26:in `call'
sprockets-rails (3.2.1) lib/sprockets/rails/quiet_assets.rb:13:in `call'
actionpack (5.2.4.3) lib/action_dispatch/middleware/remote_ip.rb:81:in `call'
actionpack (5.2.4.3) lib/action_dispatch/middleware/request_id.rb:27:in `call'
rack (2.2.3) lib/rack/method_override.rb:24:in `call'
rack (2.2.3) lib/rack/runtime.rb:22:in `call'
activesupport (5.2.4.3) lib/active_support/cache/strategy/local_cache_middleware.rb:29:in `call'
actionpack (5.2.4.3) lib/action_dispatch/middleware/executor.rb:14:in `call'
actionpack (5.2.4.3) lib/action_dispatch/middleware/static.rb:127:in `call'
rack (2.2.3) lib/rack/sendfile.rb:110:in `call'
railties (5.2.4.3) lib/rails/engine.rb:524:in `call'
puma (3.12.6) lib/puma/configuration.rb:227:in `call'
puma (3.12.6) lib/puma/server.rb:706:in `handle_request'
puma (3.12.6) lib/puma/server.rb:476:in `process_client'
puma (3.12.6) lib/puma/server.rb:334:in `block in run'
puma (3.12.6) lib/puma/thread_pool.rb:135:in `block in spawn_thread'
Started GET "/cats" for 127.0.0.1 at 2020-09-04 14:25:38 -0700
  [1m[35m (1.4ms)[0m  [1m[34mSELECT "schema_migrations"."version" FROM "schema_migrations" ORDER BY "schema_migrations"."version" ASC[0m
  ↳ /Users/jackyli/.rbenv/versions/2.5.1/lib/ruby/gems/2.5.0/gems/activerecord-5.2.4.3/lib/active_record/log_subscriber.rb:98
Processing by CatsController#index as HTML
  Rendering cats/index.html.erb within layouts/application
  Rendered cats/index.html.erb within layouts/application (1.4ms)
Completed 500 Internal Server Error in 16ms (ActiveRecord: 0.0ms)



SyntaxError - syntax error, unexpected end-of-input, expecting keyword_end
          end
             ^:
  app/views/cats/index.html.erb:19:in `'
  app/controllers/cats_controller.rb:4:in `index'

Started POST "/__better_errors/8974e93419eee734/variables" for 127.0.0.1 at 2020-09-04 14:25:39 -0700
Started GET "/cats" for 127.0.0.1 at 2020-09-04 14:26:10 -0700
  [1m[35m (0.8ms)[0m  [1m[34mSELECT "schema_migrations"."version" FROM "schema_migrations" ORDER BY "schema_migrations"."version" ASC[0m
  ↳ /Users/jackyli/.rbenv/versions/2.5.1/lib/ruby/gems/2.5.0/gems/activerecord-5.2.4.3/lib/active_record/log_subscriber.rb:98
Processing by CatsController#index as HTML
  Rendering cats/index.html.erb within layouts/application
  Rendered cats/index.html.erb within layouts/application (1.7ms)
Completed 500 Internal Server Error in 18ms (ActiveRecord: 0.0ms)



SyntaxError - syntax error, unexpected end-of-input, expecting keyword_end
          end
             ^:
  app/views/cats/index.html.erb:19:in `'
  app/controllers/cats_controller.rb:4:in `index'

Started POST "/__better_errors/e9b522a7e12dcfdc/variables" for 127.0.0.1 at 2020-09-04 14:26:10 -0700
Started GET "/cats" for 127.0.0.1 at 2020-09-04 14:27:01 -0700
  [1m[35m (1.2ms)[0m  [1m[34mSELECT "schema_migrations"."version" FROM "schema_migrations" ORDER BY "schema_migrations"."version" ASC[0m
  ↳ /Users/jackyli/.rbenv/versions/2.5.1/lib/ruby/gems/2.5.0/gems/activerecord-5.2.4.3/lib/active_record/log_subscriber.rb:98
Processing by CatsController#index as HTML
  Rendering cats/index.html.erb within layouts/application
  [1m[36mCat Load (0.6ms)[0m  [1m[34mSELECT "cats".* FROM "cats"[0m
  ↳ app/views/cats/index.html.erb:5
  Rendered cats/index.html.erb within layouts/application (23.7ms)
Completed 200 OK in 720ms (Views: 704.1ms | ActiveRecord: 8.9ms)


Started GET "/cats" for 127.0.0.1 at 2020-09-04 14:27:04 -0700
Processing by CatsController#index as HTML
  Rendering cats/index.html.erb within layouts/application
  [1m[36mCat Load (0.8ms)[0m  [1m[34mSELECT "cats".* FROM "cats"[0m
  ↳ app/views/cats/index.html.erb:5
  Rendered cats/index.html.erb within layouts/application (3.3ms)
Completed 200 OK in 20ms (Views: 18.6ms | ActiveRecord: 0.8ms)


Started GET "/cats/1" for 127.0.0.1 at 2020-09-04 14:27:10 -0700
Processing by CatsController#show as HTML
  Parameters: {"id"=>"1"}
  [1m[36mCat Load (0.6ms)[0m  [1m[34mSELECT  "cats".* FROM "cats" WHERE "cats"."id" = $1 LIMIT $2[0m  [["id", 1], ["LIMIT", 1]]
  ↳ app/controllers/cats_controller.rb:8
  Rendering cats/show.html.erb within layouts/application
  Rendered cats/show.html.erb within layouts/application (280.7ms)
Completed 500 Internal Server Error in 291ms (ActiveRecord: 0.9ms)



ActionView::Template::Error - undefined local variable or method `cat' for #<#<Class:0x00007fbc88ae7d78>:0x00007fbc8f0126d0>
Did you mean?  @cat:
  app/views/cats/show.html.erb:4:in `view template'
  app/controllers/cats_controller.rb:9:in `show'

Started POST "/__better_errors/f3cf35804a48a0b3/variables" for 127.0.0.1 at 2020-09-04 14:27:11 -0700
Started GET "/cats/1" for 127.0.0.1 at 2020-09-04 14:28:26 -0700
  [1m[35m (0.8ms)[0m  [1m[34mSELECT "schema_migrations"."version" FROM "schema_migrations" ORDER BY "schema_migrations"."version" ASC[0m
  ↳ /Users/jackyli/.rbenv/versions/2.5.1/lib/ruby/gems/2.5.0/gems/activerecord-5.2.4.3/lib/active_record/log_subscriber.rb:98
Processing by CatsController#show as HTML
  Parameters: {"id"=>"1"}
  [1m[36mCat Load (0.6ms)[0m  [1m[34mSELECT  "cats".* FROM "cats" WHERE "cats"."id" = $1 LIMIT $2[0m  [["id", 1], ["LIMIT", 1]]
  ↳ app/controllers/cats_controller.rb:8
  Rendering cats/show.html.erb within layouts/application
  Rendered cats/show.html.erb within layouts/application (1.6ms)
Completed 200 OK in 195ms (Views: 167.9ms | ActiveRecord: 7.6ms)


Started GET "/cats/" for 127.0.0.1 at 2020-09-04 14:28:47 -0700
Processing by CatsController#index as HTML
  Rendering cats/index.html.erb within layouts/application
  [1m[36mCat Load (0.3ms)[0m  [1m[34mSELECT "cats".* FROM "cats"[0m
  ↳ app/views/cats/index.html.erb:5
  Rendered cats/index.html.erb within layouts/application (2.1ms)
Completed 200 OK in 19ms (Views: 18.3ms | ActiveRecord: 0.3ms)


Started GET "/cats/2" for 127.0.0.1 at 2020-09-04 14:28:49 -0700
Processing by CatsController#show as HTML
  Parameters: {"id"=>"2"}
  [1m[36mCat Load (0.4ms)[0m  [1m[34mSELECT  "cats".* FROM "cats" WHERE "cats"."id" = $1 LIMIT $2[0m  [["id", 2], ["LIMIT", 1]]
  ↳ app/controllers/cats_controller.rb:8
  Rendering cats/show.html.erb within layouts/application
  Rendered cats/show.html.erb within layouts/application (0.8ms)
Completed 200 OK in 18ms (Views: 16.9ms | ActiveRecord: 0.4ms)


Started GET "/cat/2" for ::1 at 2020-09-04 14:28:55 -0700
  
ActionController::RoutingError (No route matches [GET] "/cat/2"):
  
actionpack (5.2.4.3) lib/action_dispatch/middleware/debug_exceptions.rb:65:in `call'
web-console (3.7.0) lib/web_console/middleware.rb:135:in `call_app'
web-console (3.7.0) lib/web_console/middleware.rb:30:in `block in call'
web-console (3.7.0) lib/web_console/middleware.rb:20:in `catch'
web-console (3.7.0) lib/web_console/middleware.rb:20:in `call'
actionpack (5.2.4.3) lib/action_dispatch/middleware/show_exceptions.rb:33:in `call'
railties (5.2.4.3) lib/rails/rack/logger.rb:38:in `call_app'
railties (5.2.4.3) lib/rails/rack/logger.rb:26:in `block in call'
activesupport (5.2.4.3) lib/active_support/tagged_logging.rb:71:in `block in tagged'
activesupport (5.2.4.3) lib/active_support/tagged_logging.rb:28:in `tagged'
activesupport (5.2.4.3) lib/active_support/tagged_logging.rb:71:in `tagged'
railties (5.2.4.3) lib/rails/rack/logger.rb:26:in `call'
sprockets-rails (3.2.1) lib/sprockets/rails/quiet_assets.rb:13:in `call'
actionpack (5.2.4.3) lib/action_dispatch/middleware/remote_ip.rb:81:in `call'
actionpack (5.2.4.3) lib/action_dispatch/middleware/request_id.rb:27:in `call'
rack (2.2.3) lib/rack/method_override.rb:24:in `call'
rack (2.2.3) lib/rack/runtime.rb:22:in `call'
activesupport (5.2.4.3) lib/active_support/cache/strategy/local_cache_middleware.rb:29:in `call'
actionpack (5.2.4.3) lib/action_dispatch/middleware/executor.rb:14:in `call'
actionpack (5.2.4.3) lib/action_dispatch/middleware/static.rb:127:in `call'
rack (2.2.3) lib/rack/sendfile.rb:110:in `call'
railties (5.2.4.3) lib/rails/engine.rb:524:in `call'
puma (3.12.6) lib/puma/configuration.rb:227:in `call'
puma (3.12.6) lib/puma/server.rb:706:in `handle_request'
puma (3.12.6) lib/puma/server.rb:476:in `process_client'
puma (3.12.6) lib/puma/server.rb:334:in `block in run'
puma (3.12.6) lib/puma/thread_pool.rb:135:in `block in spawn_thread'
Started GET "/cats" for 127.0.0.1 at 2020-09-04 14:28:56 -0700
Processing by CatsController#index as HTML
  Rendering cats/index.html.erb within layouts/application
  [1m[36mCat Load (0.5ms)[0m  [1m[34mSELECT "cats".* FROM "cats"[0m
  ↳ app/views/cats/index.html.erb:5
  Rendered cats/index.html.erb within layouts/application (2.6ms)
Completed 200 OK in 23ms (Views: 21.9ms | ActiveRecord: 0.5ms)


Started GET "/cats/3" for 127.0.0.1 at 2020-09-04 14:28:58 -0700
Processing by CatsController#show as HTML
  Parameters: {"id"=>"3"}
  [1m[36mCat Load (0.4ms)[0m  [1m[34mSELECT  "cats".* FROM "cats" WHERE "cats"."id" = $1 LIMIT $2[0m  [["id", 3], ["LIMIT", 1]]
  ↳ app/controllers/cats_controller.rb:8
  Rendering cats/show.html.erb within layouts/application
  Rendered cats/show.html.erb within layouts/application (0.6ms)
Completed 200 OK in 20ms (Views: 18.2ms | ActiveRecord: 0.4ms)


Started GET "/cats" for ::1 at 2020-09-04 14:29:18 -0700
Processing by CatsController#index as HTML
  Rendering cats/index.html.erb within layouts/application
  [1m[36mCat Load (0.7ms)[0m  [1m[34mSELECT "cats".* FROM "cats"[0m
  ↳ app/views/cats/index.html.erb:5
  Rendered cats/index.html.erb within layouts/application (3.7ms)
Completed 200 OK in 29ms (Views: 27.3ms | ActiveRecord: 0.7ms)


Started GET "/cat/2" for ::1 at 2020-09-04 14:29:30 -0700
  
ActionController::RoutingError (No route matches [GET] "/cat/2"):
  
actionpack (5.2.4.3) lib/action_dispatch/middleware/debug_exceptions.rb:65:in `call'
web-console (3.7.0) lib/web_console/middleware.rb:135:in `call_app'
web-console (3.7.0) lib/web_console/middleware.rb:30:in `block in call'
web-console (3.7.0) lib/web_console/middleware.rb:20:in `catch'
web-console (3.7.0) lib/web_console/middleware.rb:20:in `call'
actionpack (5.2.4.3) lib/action_dispatch/middleware/show_exceptions.rb:33:in `call'
railties (5.2.4.3) lib/rails/rack/logger.rb:38:in `call_app'
railties (5.2.4.3) lib/rails/rack/logger.rb:26:in `block in call'
activesupport (5.2.4.3) lib/active_support/tagged_logging.rb:71:in `block in tagged'
activesupport (5.2.4.3) lib/active_support/tagged_logging.rb:28:in `tagged'
activesupport (5.2.4.3) lib/active_support/tagged_logging.rb:71:in `tagged'
railties (5.2.4.3) lib/rails/rack/logger.rb:26:in `call'
sprockets-rails (3.2.1) lib/sprockets/rails/quiet_assets.rb:13:in `call'
actionpack (5.2.4.3) lib/action_dispatch/middleware/remote_ip.rb:81:in `call'
actionpack (5.2.4.3) lib/action_dispatch/middleware/request_id.rb:27:in `call'
rack (2.2.3) lib/rack/method_override.rb:24:in `call'
rack (2.2.3) lib/rack/runtime.rb:22:in `call'
activesupport (5.2.4.3) lib/active_support/cache/strategy/local_cache_middleware.rb:29:in `call'
actionpack (5.2.4.3) lib/action_dispatch/middleware/executor.rb:14:in `call'
actionpack (5.2.4.3) lib/action_dispatch/middleware/static.rb:127:in `call'
rack (2.2.3) lib/rack/sendfile.rb:110:in `call'
railties (5.2.4.3) lib/rails/engine.rb:524:in `call'
puma (3.12.6) lib/puma/configuration.rb:227:in `call'
puma (3.12.6) lib/puma/server.rb:706:in `handle_request'
puma (3.12.6) lib/puma/server.rb:476:in `process_client'
puma (3.12.6) lib/puma/server.rb:334:in `block in run'
puma (3.12.6) lib/puma/thread_pool.rb:135:in `block in spawn_thread'
Started GET "/cats/1" for ::1 at 2020-09-04 14:29:38 -0700
Processing by CatsController#show as HTML
  Parameters: {"id"=>"1"}
  [1m[36mCat Load (0.6ms)[0m  [1m[34mSELECT  "cats".* FROM "cats" WHERE "cats"."id" = $1 LIMIT $2[0m  [["id", 1], ["LIMIT", 1]]
  ↳ app/controllers/cats_controller.rb:8
  Rendering cats/show.html.erb within layouts/application
  Rendered cats/show.html.erb within layouts/application (0.8ms)
Completed 200 OK in 27ms (Views: 24.5ms | ActiveRecord: 1.1ms)


Started GET "/cats/2" for ::1 at 2020-09-04 14:29:52 -0700
Processing by CatsController#show as HTML
  Parameters: {"id"=>"2"}
  [1m[36mCat Load (0.3ms)[0m  [1m[34mSELECT  "cats".* FROM "cats" WHERE "cats"."id" = $1 LIMIT $2[0m  [["id", 2], ["LIMIT", 1]]
  ↳ app/controllers/cats_controller.rb:8
  Rendering cats/show.html.erb within layouts/application
  Rendered cats/show.html.erb within layouts/application (1.1ms)
Completed 200 OK in 35ms (Views: 33.2ms | ActiveRecord: 0.3ms)


Started GET "/cats/3" for ::1 at 2020-09-04 14:30:02 -0700
Processing by CatsController#show as HTML
  Parameters: {"id"=>"3"}
  [1m[36mCat Load (0.3ms)[0m  [1m[34mSELECT  "cats".* FROM "cats" WHERE "cats"."id" = $1 LIMIT $2[0m  [["id", 3], ["LIMIT", 1]]
  ↳ app/controllers/cats_controller.rb:8
  Rendering cats/show.html.erb within layouts/application
  Rendered cats/show.html.erb within layouts/application (0.9ms)
Completed 200 OK in 21ms (Views: 19.9ms | ActiveRecord: 0.3ms)


Started GET "/cats/new" for ::1 at 2020-09-04 15:13:39 -0700
  [1m[35m (1.4ms)[0m  [1m[34mSELECT "schema_migrations"."version" FROM "schema_migrations" ORDER BY "schema_migrations"."version" ASC[0m
  ↳ /Users/jackyli/.rbenv/versions/2.5.1/lib/ruby/gems/2.5.0/gems/activerecord-5.2.4.3/lib/active_record/log_subscriber.rb:98
Processing by CatsController#new as HTML
Completed 400 Bad Request in 8ms (ActiveRecord: 0.0ms)



ActionController::ParameterMissing - param is missing or the value is empty: cat:
  app/controllers/cats_controller.rb:29:in `cat_params'
  app/controllers/cats_controller.rb:13:in `new'

Started POST "/__better_errors/2e72adac556ce062/variables" for ::1 at 2020-09-04 15:13:40 -0700
Started GET "/cats" for 127.0.0.1 at 2020-09-04 15:13:45 -0700
Processing by CatsController#index as HTML
  Rendering cats/index.html.erb within layouts/application
  [1m[36mCat Load (1.2ms)[0m  [1m[34mSELECT "cats".* FROM "cats"[0m
  ↳ app/views/cats/index.html.erb:5
  Rendered cats/index.html.erb within layouts/application (21.2ms)
Completed 200 OK in 181ms (Views: 170.1ms | ActiveRecord: 9.9ms)


Started GET "/cats/new" for 127.0.0.1 at 2020-09-04 15:13:46 -0700
Processing by CatsController#new as HTML
Completed 400 Bad Request in 1ms (ActiveRecord: 0.0ms)



ActionController::ParameterMissing - param is missing or the value is empty: cat:
  app/controllers/cats_controller.rb:29:in `cat_params'
  app/controllers/cats_controller.rb:13:in `new'

Started POST "/__better_errors/83456694baea57f3/variables" for 127.0.0.1 at 2020-09-04 15:13:46 -0700
Started GET "/cats/new" for ::1 at 2020-09-04 15:16:55 -0700
  [1m[35m (0.8ms)[0m  [1m[34mSELECT "schema_migrations"."version" FROM "schema_migrations" ORDER BY "schema_migrations"."version" ASC[0m
  ↳ /Users/jackyli/.rbenv/versions/2.5.1/lib/ruby/gems/2.5.0/gems/activerecord-5.2.4.3/lib/active_record/log_subscriber.rb:98
Processing by CatsController#new as HTML
  Rendering cats/new.html.erb within layouts/application
  Rendered cats/new.html.erb within layouts/application (7.2ms)
Completed 500 Internal Server Error in 36ms (ActiveRecord: 6.2ms)



ActionView::Template::Error - undefined method `to_time' for nil:NilClass:
  app/views/cats/new.html.erb:13:in `view template'
  app/controllers/cats_controller.rb:14:in `new'

Started POST "/__better_errors/ddd05af9182a6f56/variables" for ::1 at 2020-09-04 15:16:56 -0700
Started GET "/new" for 127.0.0.1 at 2020-09-04 15:17:04 -0700
  
ActionController::RoutingError (No route matches [GET] "/new"):
  
actionpack (5.2.4.3) lib/action_dispatch/middleware/debug_exceptions.rb:65:in `call'
web-console (3.7.0) lib/web_console/middleware.rb:135:in `call_app'
web-console (3.7.0) lib/web_console/middleware.rb:30:in `block in call'
web-console (3.7.0) lib/web_console/middleware.rb:20:in `catch'
web-console (3.7.0) lib/web_console/middleware.rb:20:in `call'
actionpack (5.2.4.3) lib/action_dispatch/middleware/show_exceptions.rb:33:in `call'
railties (5.2.4.3) lib/rails/rack/logger.rb:38:in `call_app'
railties (5.2.4.3) lib/rails/rack/logger.rb:26:in `block in call'
activesupport (5.2.4.3) lib/active_support/tagged_logging.rb:71:in `block in tagged'
activesupport (5.2.4.3) lib/active_support/tagged_logging.rb:28:in `tagged'
activesupport (5.2.4.3) lib/active_support/tagged_logging.rb:71:in `tagged'
railties (5.2.4.3) lib/rails/rack/logger.rb:26:in `call'
sprockets-rails (3.2.1) lib/sprockets/rails/quiet_assets.rb:13:in `call'
actionpack (5.2.4.3) lib/action_dispatch/middleware/remote_ip.rb:81:in `call'
actionpack (5.2.4.3) lib/action_dispatch/middleware/request_id.rb:27:in `call'
rack (2.2.3) lib/rack/method_override.rb:24:in `call'
rack (2.2.3) lib/rack/runtime.rb:22:in `call'
activesupport (5.2.4.3) lib/active_support/cache/strategy/local_cache_middleware.rb:29:in `call'
actionpack (5.2.4.3) lib/action_dispatch/middleware/executor.rb:14:in `call'
actionpack (5.2.4.3) lib/action_dispatch/middleware/static.rb:127:in `call'
rack (2.2.3) lib/rack/sendfile.rb:110:in `call'
railties (5.2.4.3) lib/rails/engine.rb:524:in `call'
puma (3.12.6) lib/puma/configuration.rb:227:in `call'
puma (3.12.6) lib/puma/server.rb:706:in `handle_request'
puma (3.12.6) lib/puma/server.rb:476:in `process_client'
puma (3.12.6) lib/puma/server.rb:334:in `block in run'
puma (3.12.6) lib/puma/thread_pool.rb:135:in `block in spawn_thread'
Started GET "/cats/new" for 127.0.0.1 at 2020-09-04 15:17:11 -0700
Processing by CatsController#new as HTML
  Rendering cats/new.html.erb within layouts/application
  Rendered cats/new.html.erb within layouts/application (4.2ms)
Completed 500 Internal Server Error in 10ms (ActiveRecord: 0.0ms)



ActionView::Template::Error - undefined method `to_time' for nil:NilClass:
  app/views/cats/new.html.erb:13:in `view template'
  app/controllers/cats_controller.rb:14:in `new'

Started POST "/__better_errors/d73e4c8dce06f63d/variables" for 127.0.0.1 at 2020-09-04 15:17:12 -0700
Started GET "/cats/new" for ::1 at 2020-09-04 15:17:59 -0700
Processing by CatsController#new as HTML
  Rendering cats/new.html.erb within layouts/application
  Rendered cats/new.html.erb within layouts/application (0.6ms)
Completed 200 OK in 206ms (Views: 205.1ms | ActiveRecord: 0.0ms)


Started GET "/cats/new" for 127.0.0.1 at 2020-09-04 15:18:00 -0700
Processing by CatsController#new as HTML
  Rendering cats/new.html.erb within layouts/application
  Rendered cats/new.html.erb within layouts/application (0.8ms)
Completed 200 OK in 18ms (Views: 16.9ms | ActiveRecord: 0.0ms)


Started GET "/cats/new" for ::1 at 2020-09-04 15:19:40 -0700
Processing by CatsController#new as HTML
  Rendering cats/new.html.erb within layouts/application
  Rendered cats/new.html.erb within layouts/application (0.5ms)
Completed 200 OK in 23ms (Views: 22.6ms | ActiveRecord: 0.0ms)


Started GET "/cats/new" for 127.0.0.1 at 2020-09-04 15:19:50 -0700
Processing by CatsController#new as HTML
  Rendering cats/new.html.erb within layouts/application
  Rendered cats/new.html.erb within layouts/application (0.5ms)
Completed 200 OK in 15ms (Views: 15.0ms | ActiveRecord: 0.0ms)


Started POST "/cats" for 127.0.0.1 at 2020-09-04 15:19:51 -0700
Processing by CatsController#create as HTML
  Parameters: {"cat"=>{"name"=>"", "birth_date"=>"", "description"=>"", "sex"=>""}}
  [1m[35m (0.1ms)[0m  [1m[35mBEGIN[0m
  ↳ app/controllers/cats_controller.rb:20
  [1m[35m (0.3ms)[0m  [1m[31mROLLBACK[0m
  ↳ app/controllers/cats_controller.rb:20
  Rendering cats/new.html.erb within layouts/application
  Rendered cats/new.html.erb within layouts/application (0.4ms)
Completed 200 OK in 30ms (Views: 15.2ms | ActiveRecord: 0.4ms)


Started POST "/cats" for 127.0.0.1 at 2020-09-04 15:21:46 -0700
Processing by CatsController#create as HTML
  Parameters: {"cat"=>{"name"=>"Que", "birth_date"=>"2014/08/13", "description"=>"Lost", "sex"=>"M", "color"=>"marron"}}
  [1m[35m (0.2ms)[0m  [1m[35mBEGIN[0m
  ↳ app/controllers/cats_controller.rb:20
  [1m[36mCat Create (5.5ms)[0m  [1m[32mINSERT INTO "cats" ("birth_date", "color", "name", "sex", "description", "created_at", "updated_at") VALUES ($1, $2, $3, $4, $5, $6, $7) RETURNING "id"[0m  [["birth_date", "2014-08-13"], ["color", "marron"], ["name", "Que"], ["sex", "M"], ["description", "Lost"], ["created_at", "2020-09-04 22:21:46.730738"], ["updated_at", "2020-09-04 22:21:46.730738"]]
  ↳ app/controllers/cats_controller.rb:20
  [1m[35m (0.5ms)[0m  [1m[35mCOMMIT[0m
  ↳ app/controllers/cats_controller.rb:20
  Rendering cats/show.html.erb within layouts/application
  Rendered cats/show.html.erb within layouts/application (0.9ms)
Completed 200 OK in 36ms (Views: 24.4ms | ActiveRecord: 6.1ms)


Started POST "/cats" for ::1 at 2020-09-04 15:21:49 -0700
Processing by CatsController#create as HTML
  Parameters: {"cat"=>{"name"=>"Mung Bean", "birth_date"=>"12/24/2018", "description"=>"'I attac'", "sex"=>"M", "color"=>"naranja"}}
  [1m[35m (0.6ms)[0m  [1m[35mBEGIN[0m
  ↳ app/controllers/cats_controller.rb:20
  [1m[35m (0.2ms)[0m  [1m[31mROLLBACK[0m
  ↳ app/controllers/cats_controller.rb:20
  Rendering cats/new.html.erb within layouts/application
  Rendered cats/new.html.erb within layouts/application (0.5ms)
Completed 200 OK in 21ms (Views: 16.2ms | ActiveRecord: 0.8ms)


Started POST "/cats" for ::1 at 2020-09-04 15:22:06 -0700
Processing by CatsController#create as HTML
  Parameters: {"cat"=>{"name"=>"Mung Bean", "birth_date"=>"2018/12/24", "description"=>"'I attac'", "sex"=>"M"}}
  [1m[35m (0.2ms)[0m  [1m[35mBEGIN[0m
  ↳ app/controllers/cats_controller.rb:20
  [1m[35m (0.2ms)[0m  [1m[31mROLLBACK[0m
  ↳ app/controllers/cats_controller.rb:20
  Rendering cats/new.html.erb within layouts/application
  Rendered cats/new.html.erb within layouts/application (0.5ms)
Completed 200 OK in 20ms (Views: 16.5ms | ActiveRecord: 0.3ms)


Started POST "/cats" for ::1 at 2020-09-04 15:22:24 -0700
Processing by CatsController#create as HTML
  Parameters: {"cat"=>{"name"=>"Mung Bean", "birth_date"=>"2018/12/24", "description"=>"'I attac'", "sex"=>"M"}}
  [1m[35m (0.1ms)[0m  [1m[35mBEGIN[0m
  ↳ app/controllers/cats_controller.rb:20
  [1m[35m (0.2ms)[0m  [1m[31mROLLBACK[0m
  ↳ app/controllers/cats_controller.rb:20
  Rendering cats/new.html.erb within layouts/application
  Rendered cats/new.html.erb within layouts/application (0.5ms)
Completed 200 OK in 20ms (Views: 17.2ms | ActiveRecord: 0.3ms)


Started POST "/cats" for ::1 at 2020-09-04 15:22:41 -0700
Processing by CatsController#create as HTML
  Parameters: {"cat"=>{"name"=>"Mung Bean", "birth_date"=>"2018/12/24", "description"=>"'I attac'", "sex"=>"M", "color"=>"naranja"}}
  [1m[35m (0.1ms)[0m  [1m[35mBEGIN[0m
  ↳ app/controllers/cats_controller.rb:20
  [1m[36mCat Create (0.4ms)[0m  [1m[32mINSERT INTO "cats" ("birth_date", "color", "name", "sex", "description", "created_at", "updated_at") VALUES ($1, $2, $3, $4, $5, $6, $7) RETURNING "id"[0m  [["birth_date", "2018-12-24"], ["color", "naranja"], ["name", "Mung Bean"], ["sex", "M"], ["description", "'I attac'"], ["created_at", "2020-09-04 22:22:41.148158"], ["updated_at", "2020-09-04 22:22:41.148158"]]
  ↳ app/controllers/cats_controller.rb:20
  [1m[35m (0.2ms)[0m  [1m[35mCOMMIT[0m
  ↳ app/controllers/cats_controller.rb:20
  Rendering cats/show.html.erb within layouts/application
  Rendered cats/show.html.erb within layouts/application (0.5ms)
Completed 200 OK in 21ms (Views: 17.6ms | ActiveRecord: 0.7ms)


Started GET "/cats/edit/3" for ::1 at 2020-09-04 15:32:11 -0700
  [1m[35m (1.0ms)[0m  [1m[34mSELECT "schema_migrations"."version" FROM "schema_migrations" ORDER BY "schema_migrations"."version" ASC[0m
  ↳ /Users/jackyli/.rbenv/versions/2.5.1/lib/ruby/gems/2.5.0/gems/activerecord-5.2.4.3/lib/active_record/log_subscriber.rb:98
  
ActionController::RoutingError (No route matches [GET] "/cats/edit/3"):
  
actionpack (5.2.4.3) lib/action_dispatch/middleware/debug_exceptions.rb:65:in `call'
web-console (3.7.0) lib/web_console/middleware.rb:135:in `call_app'
web-console (3.7.0) lib/web_console/middleware.rb:30:in `block in call'
web-console (3.7.0) lib/web_console/middleware.rb:20:in `catch'
web-console (3.7.0) lib/web_console/middleware.rb:20:in `call'
actionpack (5.2.4.3) lib/action_dispatch/middleware/show_exceptions.rb:33:in `call'
railties (5.2.4.3) lib/rails/rack/logger.rb:38:in `call_app'
railties (5.2.4.3) lib/rails/rack/logger.rb:26:in `block in call'
activesupport (5.2.4.3) lib/active_support/tagged_logging.rb:71:in `block in tagged'
activesupport (5.2.4.3) lib/active_support/tagged_logging.rb:28:in `tagged'
activesupport (5.2.4.3) lib/active_support/tagged_logging.rb:71:in `tagged'
railties (5.2.4.3) lib/rails/rack/logger.rb:26:in `call'
sprockets-rails (3.2.1) lib/sprockets/rails/quiet_assets.rb:13:in `call'
actionpack (5.2.4.3) lib/action_dispatch/middleware/remote_ip.rb:81:in `call'
actionpack (5.2.4.3) lib/action_dispatch/middleware/request_id.rb:27:in `call'
rack (2.2.3) lib/rack/method_override.rb:24:in `call'
rack (2.2.3) lib/rack/runtime.rb:22:in `call'
activesupport (5.2.4.3) lib/active_support/cache/strategy/local_cache_middleware.rb:29:in `call'
actionpack (5.2.4.3) lib/action_dispatch/middleware/executor.rb:14:in `call'
actionpack (5.2.4.3) lib/action_dispatch/middleware/static.rb:127:in `call'
rack (2.2.3) lib/rack/sendfile.rb:110:in `call'
railties (5.2.4.3) lib/rails/engine.rb:524:in `call'
puma (3.12.6) lib/puma/configuration.rb:227:in `call'
puma (3.12.6) lib/puma/server.rb:706:in `handle_request'
puma (3.12.6) lib/puma/server.rb:476:in `process_client'
puma (3.12.6) lib/puma/server.rb:334:in `block in run'
puma (3.12.6) lib/puma/thread_pool.rb:135:in `block in spawn_thread'
Started GET "/cats/3/edit" for ::1 at 2020-09-04 15:32:59 -0700
  [1m[35m (0.8ms)[0m  [1m[34mSELECT "schema_migrations"."version" FROM "schema_migrations" ORDER BY "schema_migrations"."version" ASC[0m
  ↳ /Users/jackyli/.rbenv/versions/2.5.1/lib/ruby/gems/2.5.0/gems/activerecord-5.2.4.3/lib/active_record/log_subscriber.rb:98
Processing by CatsController#edit as HTML
  Parameters: {"id"=>"3"}
  [1m[36mCat Load (1.3ms)[0m  [1m[34mSELECT  "cats".* FROM "cats" WHERE "cats"."id" = $1 LIMIT $2[0m  [["id", 3], ["LIMIT", 1]]
  ↳ app/controllers/cats_controller.rb:28
  Rendering cats/edit.html.erb within layouts/application
  Rendered cats/edit.html.erb within layouts/application (1.5ms)
Completed 200 OK in 200ms (Views: 161.4ms | ActiveRecord: 10.0ms)


Started PATCH "/cats/3" for ::1 at 2020-09-04 15:33:25 -0700
Processing by CatsController#update as HTML
  Parameters: {"cat"=>{"name"=>"Sashimi", "birth_date"=>"2020-04-11", "description"=>"Big kitten", "sex"=>"F", "color"=>"marron"}, "id"=>"3"}
  [1m[36mCat Load (0.4ms)[0m  [1m[34mSELECT  "cats".* FROM "cats" WHERE "cats"."id" = $1 LIMIT $2[0m  [["id", 3], ["LIMIT", 1]]
  ↳ app/controllers/cats_controller.rb:33
  [1m[35m (0.2ms)[0m  [1m[35mBEGIN[0m
  ↳ app/controllers/cats_controller.rb:34
  [1m[36mCat Update (8.3ms)[0m  [1m[33mUPDATE "cats" SET "color" = $1, "description" = $2, "updated_at" = $3 WHERE "cats"."id" = $4[0m  [["color", "marron"], ["description", "Big kitten"], ["updated_at", "2020-09-04 22:33:25.947062"], ["id", 3]]
  ↳ app/controllers/cats_controller.rb:34
  [1m[35m (0.5ms)[0m  [1m[35mCOMMIT[0m
  ↳ app/controllers/cats_controller.rb:34
  Rendering cats/show.html.erb within layouts/application
  Rendered cats/show.html.erb within layouts/application (0.6ms)
Completed 200 OK in 32ms (Views: 18.0ms | ActiveRecord: 9.4ms)


Started GET "/cats" for ::1 at 2020-09-04 15:35:53 -0700
Processing by CatsController#index as HTML
  Rendering cats/index.html.erb within layouts/application
  [1m[36mCat Load (0.7ms)[0m  [1m[34mSELECT "cats".* FROM "cats"[0m
  ↳ app/views/cats/index.html.erb:5
  Rendered cats/index.html.erb within layouts/application (4.1ms)
Completed 200 OK in 25ms (Views: 24.1ms | ActiveRecord: 0.7ms)


Started GET "/cats/1" for ::1 at 2020-09-04 15:35:55 -0700
Processing by CatsController#show as HTML
  Parameters: {"id"=>"1"}
  [1m[36mCat Load (0.4ms)[0m  [1m[34mSELECT  "cats".* FROM "cats" WHERE "cats"."id" = $1 LIMIT $2[0m  [["id", 1], ["LIMIT", 1]]
  ↳ app/controllers/cats_controller.rb:8
  Rendering cats/show.html.erb within layouts/application
  Rendered cats/show.html.erb within layouts/application (0.9ms)
Completed 200 OK in 17ms (Views: 15.6ms | ActiveRecord: 0.4ms)


Started GET "/cats/1" for ::1 at 2020-09-04 15:36:07 -0700
Processing by CatsController#show as HTML
  Parameters: {"id"=>"1"}
  [1m[36mCat Load (0.4ms)[0m  [1m[34mSELECT  "cats".* FROM "cats" WHERE "cats"."id" = $1 LIMIT $2[0m  [["id", 1], ["LIMIT", 1]]
  ↳ app/controllers/cats_controller.rb:8
  Rendering cats/show.html.erb within layouts/application
  Rendered cats/show.html.erb within layouts/application (1.0ms)
Completed 200 OK in 43ms (Views: 41.3ms | ActiveRecord: 0.4ms)


Started GET "/cats/new" for ::1 at 2020-09-04 15:41:58 -0700
Processing by CatsController#new as HTML
  Rendering cats/new.html.erb within layouts/application
  Rendered cats/new.html.erb within layouts/application (1.5ms)
Completed 500 Internal Server Error in 7ms (ActiveRecord: 0.0ms)



SyntaxError - syntax error, unexpected end-of-input, expecting keyword_end
          end
             ^:
  app/views/cats/new.html.erb:34:in `'
  app/controllers/cats_controller.rb:14:in `new'

Started POST "/__better_errors/a0dcb2fd79ff5fff/variables" for ::1 at 2020-09-04 15:41:58 -0700
Started GET "/cats/new" for ::1 at 2020-09-04 15:43:52 -0700
Processing by CatsController#new as HTML
  Rendering cats/new.html.erb within layouts/application
  Rendered cats/new.html.erb within layouts/application (2.6ms)
Completed 200 OK in 51ms (Views: 50.2ms | ActiveRecord: 0.0ms)


Started GET "/cats/new" for ::1 at 2020-09-04 15:45:14 -0700
Processing by CatsController#new as HTML
  Rendering cats/new.html.erb within layouts/application
  Rendered cats/new.html.erb within layouts/application (0.9ms)
Completed 200 OK in 43ms (Views: 42.2ms | ActiveRecord: 0.0ms)


Started GET "/cats/new" for ::1 at 2020-09-04 15:45:14 -0700
Processing by CatsController#new as HTML
  Rendering cats/new.html.erb within layouts/application
  Rendered cats/new.html.erb within layouts/application (0.9ms)
Completed 200 OK in 29ms (Views: 28.9ms | ActiveRecord: 0.0ms)


Started GET "/cats/1/edit" for ::1 at 2020-09-04 16:03:06 -0700
Processing by CatsController#edit as HTML
  Parameters: {"id"=>"1"}
  [1m[36mCat Load (0.5ms)[0m  [1m[34mSELECT  "cats".* FROM "cats" WHERE "cats"."id" = $1 LIMIT $2[0m  [["id", 1], ["LIMIT", 1]]
  ↳ app/controllers/cats_controller.rb:28
  Rendering cats/edit.html.erb within layouts/application
  Rendered cats/edit.html.erb within layouts/application (5.7ms)
Completed 200 OK in 77ms (Views: 64.2ms | ActiveRecord: 0.9ms)


Started GET "/cats/1/edit" for ::1 at 2020-09-04 16:42:20 -0700
Processing by CatsController#edit as HTML
  Parameters: {"id"=>"1"}
  [1m[36mCat Load (0.6ms)[0m  [1m[34mSELECT  "cats".* FROM "cats" WHERE "cats"."id" = $1 LIMIT $2[0m  [["id", 1], ["LIMIT", 1]]
  ↳ app/controllers/cats_controller.rb:28
  Rendering cats/edit.html.erb within layouts/application
  Rendered cats/_form.html.erb (3.8ms)
  Rendered cats/edit.html.erb within layouts/application (364.5ms)
Completed 500 Internal Server Error in 383ms (ActiveRecord: 0.9ms)



ActionView::Template::Error - undefined local variable or method `color' for #<#<Class:0x00007ffc3e6e84c0>:0x00007ffc4599a978>:
  app/views/cats/edit.html.erb:28:in `view template'
  app/controllers/cats_controller.rb:29:in `edit'

Started POST "/__better_errors/8c551ac7c1c29c51/variables" for ::1 at 2020-09-04 16:42:21 -0700
Started GET "/cats/1/edit" for ::1 at 2020-09-04 16:43:41 -0700
Processing by CatsController#edit as HTML
  Parameters: {"id"=>"1"}
  [1m[36mCat Load (0.9ms)[0m  [1m[34mSELECT  "cats".* FROM "cats" WHERE "cats"."id" = $1 LIMIT $2[0m  [["id", 1], ["LIMIT", 1]]
  ↳ app/controllers/cats_controller.rb:28
  Rendering cats/edit.html.erb within layouts/application
  Rendered cats/_form.html.erb (2.0ms)
  Rendered cats/edit.html.erb within layouts/application (431.7ms)
Completed 500 Internal Server Error in 447ms (ActiveRecord: 0.9ms)



ActionView::Template::Error - undefined local variable or method `color' for #<#<Class:0x00007ffc3e6e84c0>:0x00007ffc3f4b18b8>:
  app/views/cats/edit.html.erb:28:in `view template'
  app/controllers/cats_controller.rb:29:in `edit'

Started POST "/__better_errors/6b0801616e32a745/variables" for ::1 at 2020-09-04 16:43:41 -0700
Started GET "/cats/1/edit" for ::1 at 2020-09-04 16:45:59 -0700
Processing by CatsController#edit as HTML
  Parameters: {"id"=>"1"}
  [1m[36mCat Load (0.7ms)[0m  [1m[34mSELECT  "cats".* FROM "cats" WHERE "cats"."id" = $1 LIMIT $2[0m  [["id", 1], ["LIMIT", 1]]
  ↳ app/controllers/cats_controller.rb:29
  Rendering cats/edit.html.erb within layouts/application
  Rendered cats/_form.html.erb (8.2ms)
  Rendered cats/edit.html.erb within layouts/application (1009.7ms)
Completed 500 Internal Server Error in 70561ms (ActiveRecord: 15.6ms)



ActionView::Template::Error - undefined local variable or method `color' for #<#<Class:0x00007ffc470e95e8>:0x00007ffc470aa5f0>:
  app/views/cats/edit.html.erb:28:in `view template'
  app/controllers/cats_controller.rb:30:in `edit'

Started POST "/__better_errors/2a778393aed18136/variables" for ::1 at 2020-09-04 16:47:09 -0700
Started GET "/cats/1/edit" for ::1 at 2020-09-04 16:47:12 -0700
Processing by CatsController#edit as HTML
  Parameters: {"id"=>"1"}
Started GET "/cats/1/edit" for ::1 at 2020-09-04 16:47:26 -0700
  [1m[36mCat Load (2.2ms)[0m  [1m[34mSELECT  "cats".* FROM "cats" WHERE "cats"."id" = $1 LIMIT $2[0m  [["id", 1], ["LIMIT", 1]]
  ↳ app/controllers/cats_controller.rb:29
  Rendering cats/edit.html.erb within layouts/application
  Rendered cats/_form.html.erb (1.0ms)
  Rendered cats/edit.html.erb within layouts/application (4.5ms)
Completed 200 OK in 14387ms (Views: 32.2ms | ActiveRecord: 2.2ms)


Processing by CatsController#edit as HTML
  Parameters: {"id"=>"1"}
  [1m[36mCat Load (0.7ms)[0m  [1m[34mSELECT  "cats".* FROM "cats" WHERE "cats"."id" = $1 LIMIT $2[0m  [["id", 1], ["LIMIT", 1]]
  ↳ app/controllers/cats_controller.rb:29
  Rendering cats/edit.html.erb within layouts/application
  Rendered cats/_form.html.erb (0.4ms)
  Rendered cats/edit.html.erb within layouts/application (2.8ms)
Completed 200 OK in 2742ms (Views: 23.9ms | ActiveRecord: 1.1ms)


Started GET "/cats/1/edit" for ::1 at 2020-09-04 16:47:35 -0700
Processing by CatsController#edit as HTML
  Parameters: {"id"=>"1"}
  [1m[36mCat Load (0.5ms)[0m  [1m[34mSELECT  "cats".* FROM "cats" WHERE "cats"."id" = $1 LIMIT $2[0m  [["id", 1], ["LIMIT", 1]]
  ↳ app/controllers/cats_controller.rb:29
  Rendering cats/edit.html.erb within layouts/application
  Rendered cats/_form.html.erb (0.9ms)
  Rendered cats/edit.html.erb within layouts/application (2.8ms)
Completed 200 OK in 70ms (Views: 33.2ms | ActiveRecord: 13.1ms)


Started GET "/cats/1/edit" for ::1 at 2020-09-04 16:47:36 -0700
Processing by CatsController#edit as HTML
  Parameters: {"id"=>"1"}
  [1m[36mCat Load (0.4ms)[0m  [1m[34mSELECT  "cats".* FROM "cats" WHERE "cats"."id" = $1 LIMIT $2[0m  [["id", 1], ["LIMIT", 1]]
  ↳ app/controllers/cats_controller.rb:29
  Rendering cats/edit.html.erb within layouts/application
  Rendered cats/_form.html.erb (1.2ms)
  Rendered cats/edit.html.erb within layouts/application (3.5ms)
Completed 200 OK in 27ms (Views: 25.6ms | ActiveRecord: 0.4ms)


Started GET "/cats/1/edit" for ::1 at 2020-09-04 16:47:40 -0700
Processing by CatsController#edit as HTML
  Parameters: {"id"=>"1"}
  [1m[36mCat Load (0.3ms)[0m  [1m[34mSELECT  "cats".* FROM "cats" WHERE "cats"."id" = $1 LIMIT $2[0m  [["id", 1], ["LIMIT", 1]]
  ↳ app/controllers/cats_controller.rb:29
  Rendering cats/edit.html.erb within layouts/application
  Rendered cats/_form.html.erb (1.0ms)
  Rendered cats/edit.html.erb within layouts/application (3.2ms)
Completed 200 OK in 28ms (Views: 26.1ms | ActiveRecord: 0.3ms)


Started GET "/cats/1/edit" for ::1 at 2020-09-04 16:48:02 -0700
Processing by CatsController#edit as HTML
  Parameters: {"id"=>"1"}
  [1m[36mCat Load (0.8ms)[0m  [1m[34mSELECT  "cats".* FROM "cats" WHERE "cats"."id" = $1 LIMIT $2[0m  [["id", 1], ["LIMIT", 1]]
  ↳ app/controllers/cats_controller.rb:29
  Rendering cats/edit.html.erb within layouts/application
  Rendered cats/_form.html.erb (1.7ms)
  Rendered cats/edit.html.erb within layouts/application (6.1ms)
Completed 200 OK in 39ms (Views: 36.6ms | ActiveRecord: 0.8ms)


Started GET "/cats/1/edit" for ::1 at 2020-09-04 16:48:03 -0700
Processing by CatsController#edit as HTML
  Parameters: {"id"=>"1"}
  [1m[36mCat Load (0.3ms)[0m  [1m[34mSELECT  "cats".* FROM "cats" WHERE "cats"."id" = $1 LIMIT $2[0m  [["id", 1], ["LIMIT", 1]]
  ↳ app/controllers/cats_controller.rb:29
  Rendering cats/edit.html.erb within layouts/application
  Rendered cats/_form.html.erb (1.2ms)
  Rendered cats/edit.html.erb within layouts/application (5.6ms)
Completed 200 OK in 39ms (Views: 36.9ms | ActiveRecord: 0.3ms)


Started GET "/cats/1/edit" for ::1 at 2020-09-04 16:48:53 -0700
Processing by CatsController#edit as HTML
  Parameters: {"id"=>"1"}
  [1m[36mCat Load (0.2ms)[0m  [1m[34mSELECT  "cats".* FROM "cats" WHERE "cats"."id" = $1 LIMIT $2[0m  [["id", 1], ["LIMIT", 1]]
  ↳ app/controllers/cats_controller.rb:29
  Rendering cats/edit.html.erb within layouts/application
  Rendered cats/_form.html.erb (1.0ms)
  Rendered cats/edit.html.erb within layouts/application (3.7ms)
Completed 200 OK in 23ms (Views: 21.4ms | ActiveRecord: 0.2ms)


Started GET "/cats/new" for ::1 at 2020-09-04 16:49:10 -0700
Processing by CatsController#new as HTML
  Rendering cats/new.html.erb within layouts/application
  Rendered cats/_form.html.erb (0.8ms)
  Rendered cats/new.html.erb within layouts/application (3.6ms)
Completed 200 OK in 25ms (Views: 24.1ms | ActiveRecord: 0.0ms)


Started GET "/cats" for ::1 at 2020-09-04 16:49:25 -0700
Processing by CatsController#index as HTML
  Rendering cats/index.html.erb within layouts/application
  [1m[36mCat Load (0.5ms)[0m  [1m[34mSELECT "cats".* FROM "cats"[0m
  ↳ app/views/cats/index.html.erb:5
  Rendered cats/index.html.erb within layouts/application (3.2ms)
Completed 200 OK in 20ms (Views: 18.8ms | ActiveRecord: 0.5ms)


Started GET "/cats" for ::1 at 2020-09-04 16:50:11 -0700
Processing by CatsController#index as HTML
  Rendering cats/index.html.erb within layouts/application
  [1m[36mCat Load (0.9ms)[0m  [1m[34mSELECT "cats".* FROM "cats"[0m
  ↳ app/views/cats/index.html.erb:5
  Rendered cats/index.html.erb within layouts/application (4.6ms)
Completed 200 OK in 33ms (Views: 31.4ms | ActiveRecord: 0.9ms)


Started GET "/cats" for ::1 at 2020-09-04 16:50:13 -0700
Processing by CatsController#index as HTML
  Rendering cats/index.html.erb within layouts/application
  [1m[36mCat Load (2.2ms)[0m  [1m[34mSELECT "cats".* FROM "cats"[0m
  ↳ app/views/cats/index.html.erb:5
  Rendered cats/index.html.erb within layouts/application (5.0ms)
Completed 200 OK in 37ms (Views: 34.0ms | ActiveRecord: 2.2ms)


Started GET "/cats" for ::1 at 2020-09-04 16:50:24 -0700
Processing by CatsController#index as HTML
  Rendering cats/index.html.erb within layouts/application
  [1m[36mCat Load (0.4ms)[0m  [1m[34mSELECT "cats".* FROM "cats"[0m
  ↳ app/views/cats/index.html.erb:5
  Rendered cats/index.html.erb within layouts/application (3.4ms)
Completed 200 OK in 43ms (Views: 42.0ms | ActiveRecord: 0.4ms)


Started GET "/cats" for ::1 at 2020-09-04 16:50:35 -0700
Processing by CatsController#index as HTML
  Rendering cats/index.html.erb within layouts/application
  [1m[36mCat Load (0.4ms)[0m  [1m[34mSELECT "cats".* FROM "cats"[0m
  ↳ app/views/cats/index.html.erb:5
  Rendered cats/index.html.erb within layouts/application (2.2ms)
Completed 200 OK in 32ms (Views: 31.2ms | ActiveRecord: 0.4ms)


Started GET "/cats/1/edit" for ::1 at 2020-09-04 16:51:36 -0700
Processing by CatsController#edit as HTML
  Parameters: {"id"=>"1"}
  [1m[36mCat Load (1.2ms)[0m  [1m[34mSELECT  "cats".* FROM "cats" WHERE "cats"."id" = $1 LIMIT $2[0m  [["id", 1], ["LIMIT", 1]]
  ↳ app/controllers/cats_controller.rb:29
  Rendering cats/edit.html.erb within layouts/application
  Rendered cats/_form.html.erb (1.0ms)
  Rendered cats/edit.html.erb within layouts/application (3.8ms)
Completed 200 OK in 38ms (Views: 34.2ms | ActiveRecord: 1.2ms)


Started GET "/cats/1" for ::1 at 2020-09-04 16:51:41 -0700
Processing by CatsController#show as HTML
  Parameters: {"id"=>"1"}
  [1m[36mCat Load (0.3ms)[0m  [1m[34mSELECT  "cats".* FROM "cats" WHERE "cats"."id" = $1 LIMIT $2[0m  [["id", 1], ["LIMIT", 1]]
  ↳ app/controllers/cats_controller.rb:8
  Rendering cats/show.html.erb within layouts/application
  Rendered cats/show.html.erb within layouts/application (383.0ms)
Completed 500 Internal Server Error in 390ms (ActiveRecord: 0.3ms)



ActionView::Template::Error - undefined local variable or method `cat' for #<#<Class:0x00007ffc46338ea8>:0x00007ffc45a9d5c8>
Did you mean?  @cat:
  app/views/cats/show.html.erb:4:in `view template'
  app/controllers/cats_controller.rb:9:in `show'

Started POST "/__better_errors/60b0ece42a9a4d2b/variables" for ::1 at 2020-09-04 16:51:41 -0700
Started GET "/cats" for ::1 at 2020-09-04 16:52:08 -0700
Processing by CatsController#index as HTML
  Rendering cats/index.html.erb within layouts/application
  [1m[36mCat Load (0.5ms)[0m  [1m[34mSELECT "cats".* FROM "cats"[0m
  ↳ app/views/cats/index.html.erb:5
  Rendered cats/index.html.erb within layouts/application (2.9ms)
Completed 200 OK in 25ms (Views: 24.4ms | ActiveRecord: 0.5ms)


Started GET "/cats/1" for 127.0.0.1 at 2020-09-04 16:52:08 -0700
Processing by CatsController#show as HTML
  Parameters: {"id"=>"1"}
  [1m[36mCat Load (0.2ms)[0m  [1m[34mSELECT  "cats".* FROM "cats" WHERE "cats"."id" = $1 LIMIT $2[0m  [["id", 1], ["LIMIT", 1]]
  ↳ app/controllers/cats_controller.rb:8
  Rendering cats/show.html.erb within layouts/application
  Rendered cats/show.html.erb within layouts/application (445.9ms)
Completed 500 Internal Server Error in 452ms (ActiveRecord: 0.2ms)



ActionView::Template::Error - undefined local variable or method `cat' for #<#<Class:0x00007ffc46338ea8>:0x00007ffc3f86cf48>
Did you mean?  @cat:
  app/views/cats/show.html.erb:4:in `view template'
  app/controllers/cats_controller.rb:9:in `show'

Started POST "/__better_errors/aac696da0048271b/variables" for 127.0.0.1 at 2020-09-04 16:52:09 -0700
Started GET "/cats/1" for ::1 at 2020-09-04 16:52:10 -0700
Processing by CatsController#show as HTML
  Parameters: {"id"=>"1"}
  [1m[36mCat Load (0.2ms)[0m  [1m[34mSELECT  "cats".* FROM "cats" WHERE "cats"."id" = $1 LIMIT $2[0m  [["id", 1], ["LIMIT", 1]]
  ↳ app/controllers/cats_controller.rb:8
  Rendering cats/show.html.erb within layouts/application
  Rendered cats/show.html.erb within layouts/application (298.8ms)
Completed 500 Internal Server Error in 304ms (ActiveRecord: 0.2ms)



ActionView::Template::Error - undefined local variable or method `cat' for #<#<Class:0x00007ffc46338ea8>:0x00007ffc471a3c90>
Did you mean?  @cat:
  app/views/cats/show.html.erb:4:in `view template'
  app/controllers/cats_controller.rb:9:in `show'

Started POST "/__better_errors/40ed0a0c56cfe123/variables" for ::1 at 2020-09-04 16:52:10 -0700
Started GET "/cats" for ::1 at 2020-09-04 16:52:13 -0700
Processing by CatsController#index as HTML
  Rendering cats/index.html.erb within layouts/application
  [1m[36mCat Load (0.5ms)[0m  [1m[34mSELECT "cats".* FROM "cats"[0m
  ↳ app/views/cats/index.html.erb:5
  Rendered cats/index.html.erb within layouts/application (3.6ms)
Completed 200 OK in 22ms (Views: 20.5ms | ActiveRecord: 0.5ms)


Started GET "/cats/4" for ::1 at 2020-09-04 16:52:15 -0700
Processing by CatsController#show as HTML
  Parameters: {"id"=>"4"}
  [1m[36mCat Load (0.2ms)[0m  [1m[34mSELECT  "cats".* FROM "cats" WHERE "cats"."id" = $1 LIMIT $2[0m  [["id", 4], ["LIMIT", 1]]
  ↳ app/controllers/cats_controller.rb:8
  Rendering cats/show.html.erb within layouts/application
  Rendered cats/show.html.erb within layouts/application (416.1ms)
Completed 500 Internal Server Error in 421ms (ActiveRecord: 0.2ms)



ActionView::Template::Error - undefined local variable or method `cat' for #<#<Class:0x00007ffc46338ea8>:0x00007ffc459d39f8>
Did you mean?  @cat:
  app/views/cats/show.html.erb:4:in `view template'
  app/controllers/cats_controller.rb:9:in `show'

Started POST "/__better_errors/0e2a3451fb68c647/variables" for ::1 at 2020-09-04 16:52:15 -0700
Started GET "/cats/4" for ::1 at 2020-09-04 16:53:13 -0700
Processing by CatsController#show as HTML
  Parameters: {"id"=>"4"}
  [1m[36mCat Load (0.2ms)[0m  [1m[34mSELECT  "cats".* FROM "cats" WHERE "cats"."id" = $1 LIMIT $2[0m  [["id", 4], ["LIMIT", 1]]
  ↳ app/controllers/cats_controller.rb:8
  Rendering cats/show.html.erb within layouts/application
  Rendered cats/show.html.erb within layouts/application (1.1ms)
Completed 200 OK in 27ms (Views: 25.9ms | ActiveRecord: 0.2ms)


Started GET "/cats/1" for 127.0.0.1 at 2020-09-04 16:53:16 -0700
Processing by CatsController#show as HTML
  Parameters: {"id"=>"1"}
  [1m[36mCat Load (0.3ms)[0m  [1m[34mSELECT  "cats".* FROM "cats" WHERE "cats"."id" = $1 LIMIT $2[0m  [["id", 1], ["LIMIT", 1]]
  ↳ app/controllers/cats_controller.rb:8
  Rendering cats/show.html.erb within layouts/application
  Rendered cats/show.html.erb within layouts/application (1.3ms)
Completed 200 OK in 25ms (Views: 23.6ms | ActiveRecord: 0.3ms)


Started GET "/cats/1/edit" for 127.0.0.1 at 2020-09-04 16:53:19 -0700
Processing by CatsController#edit as HTML
  Parameters: {"id"=>"1"}
  [1m[36mCat Load (0.3ms)[0m  [1m[34mSELECT  "cats".* FROM "cats" WHERE "cats"."id" = $1 LIMIT $2[0m  [["id", 1], ["LIMIT", 1]]
  ↳ app/controllers/cats_controller.rb:29
  Rendering cats/edit.html.erb within layouts/application
  Rendered cats/_form.html.erb (1.2ms)
  Rendered cats/edit.html.erb within layouts/application (4.2ms)
Completed 200 OK in 25ms (Views: 23.8ms | ActiveRecord: 0.3ms)


Started GET "/cats" for 127.0.0.1 at 2020-09-04 16:53:22 -0700
Processing by CatsController#index as HTML
  Rendering cats/index.html.erb within layouts/application
  [1m[36mCat Load (0.6ms)[0m  [1m[34mSELECT "cats".* FROM "cats"[0m
  ↳ app/views/cats/index.html.erb:5
  Rendered cats/index.html.erb within layouts/application (3.7ms)
Completed 200 OK in 25ms (Views: 24.1ms | ActiveRecord: 0.6ms)


Started GET "/cats" for 127.0.0.1 at 2020-09-04 16:53:40 -0700
Processing by CatsController#index as HTML
  Rendering cats/index.html.erb within layouts/application
Started GET "/cats/4" for ::1 at 2020-09-04 16:53:40 -0700
  [1m[36mCat Load (3.9ms)[0m  [1m[34mSELECT "cats".* FROM "cats"[0m
  ↳ app/views/cats/index.html.erb:5
  Rendered cats/index.html.erb within layouts/application (8.6ms)
Completed 200 OK in 41ms (Views: 35.9ms | ActiveRecord: 3.9ms)


Processing by CatsController#show as HTML
  Parameters: {"id"=>"4"}
  [1m[36mCat Load (2.5ms)[0m  [1m[34mSELECT  "cats".* FROM "cats" WHERE "cats"."id" = $1 LIMIT $2[0m  [["id", 4], ["LIMIT", 1]]
  ↳ app/controllers/cats_controller.rb:8
  Rendering cats/show.html.erb within layouts/application
  Rendered cats/show.html.erb within layouts/application (1.0ms)
Completed 200 OK in 37ms (Views: 30.8ms | ActiveRecord: 2.7ms)


Started GET "/cats/1" for 127.0.0.1 at 2020-09-04 16:53:45 -0700
Processing by CatsController#show as HTML
  Parameters: {"id"=>"1"}
  [1m[36mCat Load (0.5ms)[0m  [1m[34mSELECT  "cats".* FROM "cats" WHERE "cats"."id" = $1 LIMIT $2[0m  [["id", 1], ["LIMIT", 1]]
  ↳ app/controllers/cats_controller.rb:8
  Rendering cats/show.html.erb within layouts/application
  Rendered cats/show.html.erb within layouts/application (0.8ms)
Completed 200 OK in 19ms (Views: 17.2ms | ActiveRecord: 0.5ms)


Started GET "/cats" for 127.0.0.1 at 2020-09-04 16:53:47 -0700
Processing by CatsController#index as HTML
  Rendering cats/index.html.erb within layouts/application
  [1m[36mCat Load (0.5ms)[0m  [1m[34mSELECT "cats".* FROM "cats"[0m
  ↳ app/views/cats/index.html.erb:5
  Rendered cats/index.html.erb within layouts/application (3.1ms)
Completed 200 OK in 21ms (Views: 20.3ms | ActiveRecord: 0.5ms)


